<?xml version="1.0" encoding="UTF-8"?>
<coverage generated="1654270827890" clover="3.2.0">
  <project timestamp="1654270827890" name="All files">
    <metrics statements="38" coveredstatements="38" conditionals="12" coveredconditionals="12" methods="15" coveredmethods="15" elements="65" coveredelements="65" complexity="0" loc="38" ncloc="38" packages="1" files="5" classes="5"/>
    <file name="Cell.ts" path="D:\experiments\jons-sudoku-solver\src\Cell.ts">
      <metrics statements="8" coveredstatements="8" conditionals="6" coveredconditionals="6" methods="2" coveredmethods="2"/>
      <line num="1" count="2" type="stmt"/>
      <line num="7" count="2" type="stmt"/>
      <line num="15" count="251" type="cond" truecount="1" falsecount="0"/>
      <line num="16" count="247" type="stmt"/>
      <line num="19" count="247" type="cond" truecount="5" falsecount="0"/>
      <line num="20" count="2" type="stmt"/>
      <line num="23" count="245" type="stmt"/>
      <line num="35" count="2" type="stmt"/>
    </file>
    <file name="CellValue.ts" path="D:\experiments\jons-sudoku-solver\src\CellValue.ts">
      <metrics statements="19" coveredstatements="19" conditionals="2" coveredconditionals="2" methods="8" coveredmethods="8"/>
      <line num="1" count="3" type="stmt"/>
      <line num="7" count="3" type="stmt"/>
      <line num="15" count="943" type="cond" truecount="1" falsecount="0"/>
      <line num="16" count="504" type="stmt"/>
      <line num="17" count="504" type="stmt"/>
      <line num="18" count="4022" type="stmt"/>
      <line num="22" count="3" type="stmt"/>
      <line num="23" count="250" type="stmt"/>
      <line num="24" count="250" type="stmt"/>
      <line num="25" count="250" type="stmt"/>
      <line num="33" count="3" type="stmt"/>
      <line num="34" count="5" type="stmt"/>
      <line num="42" count="3" type="stmt"/>
      <line num="43" count="84" type="stmt"/>
      <line num="49" count="3" type="stmt"/>
      <line num="51" count="121" type="stmt"/>
      <line num="54" count="22" type="cond" truecount="1" falsecount="0"/>
      <line num="57" count="21" type="stmt"/>
      <line num="59" count="3" type="stmt"/>
    </file>
    <file name="Grid.ts" path="D:\experiments\jons-sudoku-solver\src\Grid.ts">
      <metrics statements="9" coveredstatements="9" conditionals="4" coveredconditionals="4" methods="4" coveredmethods="4"/>
      <line num="1" count="1" type="stmt"/>
      <line num="2" count="1" type="stmt"/>
      <line num="8" count="1" type="stmt"/>
      <line num="11" count="7" type="cond" truecount="1" falsecount="0"/>
      <line num="14" count="4" type="stmt"/>
      <line num="16" count="28" type="cond" truecount="1" falsecount="0"/>
      <line num="19" count="27" type="stmt"/>
      <line num="20" count="243" type="stmt"/>
      <line num="30" count="1" type="stmt"/>
    </file>
    <file name="ValueTypes.ts" path="D:\experiments\jons-sudoku-solver\src\ValueTypes.ts">
      <metrics statements="1" coveredstatements="1" conditionals="0" coveredconditionals="0" methods="0" coveredmethods="0"/>
      <line num="14" count="4" type="stmt"/>
    </file>
    <file name="index.ts" path="D:\experiments\jons-sudoku-solver\src\index.ts">
      <metrics statements="1" coveredstatements="1" conditionals="0" coveredconditionals="0" methods="1" coveredmethods="1"/>
      <line num="1" count="1" type="stmt"/>
    </file>
  </project>
</coverage>
