{"D:\\experiments\\jons-sudoku-solver\\src\\Cell.ts": {"path":"D:\\experiments\\jons-sudoku-solver\\src\\Cell.ts","statementMap":{"0":{"start":{"line":1,"column":0},"end":{"line":1,"column":40}},"1":{"start":{"line":7,"column":0},"end":{"line":7,"column":13}},"2":{"start":{"line":15,"column":38},"end":{"line":15,"column":null}},"3":{"start":{"line":16,"column":4},"end":{"line":16,"column":30}},"4":{"start":{"line":19,"column":4},"end":{"line":21,"column":null}},"5":{"start":{"line":20,"column":6},"end":{"line":20,"column":92}},"6":{"start":{"line":23,"column":4},"end":{"line":23,"column":29}},"7":{"start":{"line":35,"column":0},"end":{"line":35,"column":null}},"8":{"start":{"line":7,"column":13},"end":{"line":7,"column":17}}},"fnMap":{"0":{"name":"(anonymous_0)","decl":{"start":{"line":7,"column":0},"end":{"line":7,"column":13}},"loc":{"start":{"line":7,"column":0},"end":{"line":35,"column":null}}},"1":{"name":"Cell","decl":{"start":{"line":15,"column":2},"end":{"line":15,"column":14}},"loc":{"start":{"line":15,"column":72},"end":{"line":24,"column":3}}}},"branchMap":{"0":{"loc":{"start":{"line":15,"column":38},"end":{"line":15,"column":null}},"type":"if","locations":[{"start":{"line":15,"column":38},"end":{"line":15,"column":null}}]},"1":{"loc":{"start":{"line":19,"column":4},"end":{"line":21,"column":null}},"type":"if","locations":[{"start":{"line":19,"column":4},"end":{"line":21,"column":null}}]},"2":{"loc":{"start":{"line":19,"column":8},"end":{"line":19,"column":76}},"type":"binary-expr","locations":[{"start":{"line":19,"column":8},"end":{"line":19,"column":22}},{"start":{"line":19,"column":26},"end":{"line":19,"column":40}},{"start":{"line":19,"column":44},"end":{"line":19,"column":58}},{"start":{"line":19,"column":62},"end":{"line":19,"column":76}}]}},"s":{"0":2,"1":2,"2":251,"3":247,"4":247,"5":2,"6":245,"7":2,"8":2},"f":{"0":2,"1":247},"b":{"0":[4],"1":[2],"2":[247,246,245,245]}}
,"D:\\experiments\\jons-sudoku-solver\\src\\CellValue.ts": {"path":"D:\\experiments\\jons-sudoku-solver\\src\\CellValue.ts","statementMap":{"0":{"start":{"line":1,"column":0},"end":{"line":1,"column":98}},"1":{"start":{"line":7,"column":0},"end":{"line":7,"column":13}},"2":{"start":{"line":15,"column":14},"end":{"line":15,"column":null}},"3":{"start":{"line":15,"column":2},"end":{"line":15,"column":14}},"4":{"start":{"line":16,"column":4},"end":{"line":16,"column":45}},"5":{"start":{"line":17,"column":4},"end":{"line":19,"column":7}},"6":{"start":{"line":18,"column":6},"end":{"line":18,"column":50}},"7":{"start":{"line":22,"column":2},"end":{"line":26,"column":null}},"8":{"start":{"line":23,"column":13},"end":{"line":23,"column":28}},"9":{"start":{"line":24,"column":4},"end":{"line":24,"column":67}},"10":{"start":{"line":25,"column":4},"end":{"line":25,"column":14}},"11":{"start":{"line":33,"column":2},"end":{"line":35,"column":null}},"12":{"start":{"line":34,"column":4},"end":{"line":34,"column":33}},"13":{"start":{"line":42,"column":2},"end":{"line":44,"column":null}},"14":{"start":{"line":43,"column":4},"end":{"line":43,"column":45}},"15":{"start":{"line":49,"column":2},"end":{"line":58,"column":null}},"16":{"start":{"line":51,"column":14},"end":{"line":51,"column":61}},"17":{"start":{"line":51,"column":53},"end":{"line":51,"column":61}},"18":{"start":{"line":54,"column":4},"end":{"line":54,"column":85}},"19":{"start":{"line":54,"column":18},"end":{"line":54,"column":85}},"20":{"start":{"line":57,"column":4},"end":{"line":57,"column":53}},"21":{"start":{"line":59,"column":0},"end":{"line":59,"column":null}},"22":{"start":{"line":7,"column":13},"end":{"line":7,"column":22}}},"fnMap":{"0":{"name":"(anonymous_0)","decl":{"start":{"line":7,"column":0},"end":{"line":7,"column":13}},"loc":{"start":{"line":7,"column":0},"end":{"line":59,"column":null}}},"1":{"name":"CellValue","decl":{"start":{"line":15,"column":2},"end":{"line":15,"column":14}},"loc":{"start":{"line":15,"column":67},"end":{"line":20,"column":3}}},"2":{"name":"(anonymous_2)","decl":{"start":{"line":17,"column":18},"end":{"line":17,"column":19}},"loc":{"start":{"line":17,"column":26},"end":{"line":19,"column":5}}},"3":{"name":"(anonymous_3)","decl":{"start":{"line":22,"column":2},"end":{"line":22,"column":6}},"loc":{"start":{"line":22,"column":2},"end":{"line":26,"column":3}}},"4":{"name":"(anonymous_4)","decl":{"start":{"line":33,"column":2},"end":{"line":33,"column":6}},"loc":{"start":{"line":33,"column":2},"end":{"line":35,"column":3}}},"5":{"name":"(anonymous_5)","decl":{"start":{"line":42,"column":2},"end":{"line":42,"column":6}},"loc":{"start":{"line":42,"column":2},"end":{"line":44,"column":3}}},"6":{"name":"(anonymous_6)","decl":{"start":{"line":49,"column":2},"end":{"line":49,"column":6}},"loc":{"start":{"line":49,"column":2},"end":{"line":58,"column":3}}},"7":{"name":"(anonymous_7)","decl":{"start":{"line":51,"column":46},"end":{"line":51,"column":47}},"loc":{"start":{"line":51,"column":48},"end":{"line":51,"column":54}}}},"branchMap":{"0":{"loc":{"start":{"line":15,"column":14},"end":{"line":15,"column":null}},"type":"if","locations":[{"start":{"line":15,"column":14},"end":{"line":15,"column":null}}]},"1":{"loc":{"start":{"line":54,"column":4},"end":{"line":54,"column":85}},"type":"if","locations":[{"start":{"line":54,"column":4},"end":{"line":54,"column":85}}]}},"s":{"0":3,"1":3,"2":943,"3":504,"4":504,"5":504,"6":4022,"7":3,"8":250,"9":250,"10":250,"11":3,"12":5,"13":3,"14":84,"15":3,"16":22,"17":121,"18":22,"19":1,"20":21,"21":3,"22":3},"f":{"0":3,"1":504,"2":4022,"3":250,"4":5,"5":84,"6":22,"7":121},"b":{"0":[439],"1":[1]}}
,"D:\\experiments\\jons-sudoku-solver\\src\\Grid.ts": {"path":"D:\\experiments\\jons-sudoku-solver\\src\\Grid.ts","statementMap":{"0":{"start":{"line":1,"column":0},"end":{"line":1,"column":30}},"1":{"start":{"line":2,"column":0},"end":{"line":2,"column":40}},"2":{"start":{"line":8,"column":0},"end":{"line":8,"column":13}},"3":{"start":{"line":11,"column":4},"end":{"line":11,"column":107}},"4":{"start":{"line":11,"column":29},"end":{"line":11,"column":107}},"5":{"start":{"line":14,"column":4},"end":{"line":26,"column":7}},"6":{"start":{"line":16,"column":6},"end":{"line":16,"column":106}},"7":{"start":{"line":16,"column":28},"end":{"line":16,"column":106}},"8":{"start":{"line":19,"column":6},"end":{"line":25,"column":9}},"9":{"start":{"line":20,"column":8},"end":{"line":24,"column":10}},"10":{"start":{"line":30,"column":0},"end":{"line":30,"column":null}},"11":{"start":{"line":8,"column":13},"end":{"line":8,"column":17}}},"fnMap":{"0":{"name":"(anonymous_0)","decl":{"start":{"line":8,"column":0},"end":{"line":8,"column":13}},"loc":{"start":{"line":8,"column":0},"end":{"line":30,"column":null}}},"1":{"name":"Grid","decl":{"start":{"line":9,"column":2},"end":{"line":9,"column":14}},"loc":{"start":{"line":9,"column":32},"end":{"line":27,"column":3}}},"2":{"name":"(anonymous_2)","decl":{"start":{"line":14,"column":29},"end":{"line":14,"column":30}},"loc":{"start":{"line":14,"column":36},"end":{"line":26,"column":5}}},"3":{"name":"(anonymous_3)","decl":{"start":{"line":19,"column":21},"end":{"line":19,"column":22}},"loc":{"start":{"line":19,"column":26},"end":{"line":25,"column":7}}}},"branchMap":{"0":{"loc":{"start":{"line":11,"column":4},"end":{"line":11,"column":107}},"type":"if","locations":[{"start":{"line":11,"column":4},"end":{"line":11,"column":107}}]},"1":{"loc":{"start":{"line":16,"column":6},"end":{"line":16,"column":106}},"type":"if","locations":[{"start":{"line":16,"column":6},"end":{"line":16,"column":106}}]},"2":{"loc":{"start":{"line":23,"column":10},"end":{"line":23,"column":84}},"type":"cond-expr","locations":[{"start":{"line":23,"column":14},"end":{"line":23,"column":66}},{"start":{"line":23,"column":69},"end":{"line":23,"column":84}}]}},"s":{"0":1,"1":1,"2":1,"3":7,"4":3,"5":4,"6":28,"7":1,"8":27,"9":243,"10":1,"11":1},"f":{"0":1,"1":7,"2":28,"3":243},"b":{"0":[3],"1":[1],"2":[60,183]}}
,"D:\\experiments\\jons-sudoku-solver\\src\\ValueTypes.ts": {"path":"D:\\experiments\\jons-sudoku-solver\\src\\ValueTypes.ts","statementMap":{"0":{"start":{"line":14,"column":13},"end":{"line":14,"column":89}}},"fnMap":{},"branchMap":{},"s":{"0":4},"f":{},"b":{}}
,"D:\\experiments\\jons-sudoku-solver\\src\\index.ts": {"path":"D:\\experiments\\jons-sudoku-solver\\src\\index.ts","statementMap":{"0":{"start":{"line":1,"column":28},"end":{"line":1,"column":55}},"1":{"start":{"line":1,"column":46},"end":{"line":1,"column":62}},"2":{"start":{"line":1,"column":13},"end":{"line":1,"column":28}}},"fnMap":{"0":{"name":"(anonymous_0)","decl":{"start":{"line":1,"column":28},"end":{"line":1,"column":29}},"loc":{"start":{"line":1,"column":41},"end":{"line":1,"column":55}}}},"branchMap":{},"s":{"0":1,"1":1,"2":1},"f":{"0":1},"b":{}}
}
