TN:
SF:src\Cell.ts
FN:7,(anonymous_0)
FN:15,Cell
FNF:2
FNH:2
FNDA:2,(anonymous_0)
FNDA:247,Cell
DA:1,2
DA:7,2
DA:15,251
DA:16,247
DA:19,247
DA:20,2
DA:23,245
DA:35,2
LF:8
LH:8
BRDA:15,0,0,4
BRDA:19,1,0,2
BRDA:19,2,0,247
BRDA:19,2,1,246
BRDA:19,2,2,245
BRDA:19,2,3,245
BRF:6
BRH:6
end_of_record
TN:
SF:src\CellValue.ts
FN:7,(anonymous_0)
FN:15,CellValue
FN:17,(anonymous_2)
FN:22,(anonymous_3)
FN:33,(anonymous_4)
FN:42,(anonymous_5)
FN:49,(anonymous_6)
FN:51,(anonymous_7)
FNF:8
FNH:8
FNDA:3,(anonymous_0)
FNDA:504,CellValue
FNDA:4022,(anonymous_2)
FNDA:250,(anonymous_3)
FNDA:5,(anonymous_4)
FNDA:84,(anonymous_5)
FNDA:22,(anonymous_6)
FNDA:121,(anonymous_7)
DA:1,3
DA:7,3
DA:15,943
DA:16,504
DA:17,504
DA:18,4022
DA:22,3
DA:23,250
DA:24,250
DA:25,250
DA:33,3
DA:34,5
DA:42,3
DA:43,84
DA:49,3
DA:51,121
DA:54,22
DA:57,21
DA:59,3
LF:19
LH:19
BRDA:15,0,0,439
BRDA:54,1,0,1
BRF:2
BRH:2
end_of_record
TN:
SF:src\Grid.ts
FN:8,(anonymous_0)
FN:9,Grid
FN:14,(anonymous_2)
FN:19,(anonymous_3)
FNF:4
FNH:4
FNDA:1,(anonymous_0)
FNDA:7,Grid
FNDA:28,(anonymous_2)
FNDA:243,(anonymous_3)
DA:1,1
DA:2,1
DA:8,1
DA:11,7
DA:14,4
DA:16,28
DA:19,27
DA:20,243
DA:30,1
LF:9
LH:9
BRDA:11,0,0,3
BRDA:16,1,0,1
BRDA:23,2,0,60
BRDA:23,2,1,183
BRF:4
BRH:4
end_of_record
TN:
SF:src\ValueTypes.ts
FNF:0
FNH:0
DA:14,4
LF:1
LH:1
BRF:0
BRH:0
end_of_record
TN:
SF:src\index.ts
FN:1,(anonymous_0)
FNF:1
FNH:1
FNDA:1,(anonymous_0)
DA:1,1
LF:1
LH:1
BRF:0
BRH:0
end_of_record
